0 info it worked if it ends with ok
1 verbose cli [ 'node', '/usr/local/bin/npm', 'install', '-g', 'grunt-cli' ]
2 info using npm@1.2.21
3 info using node@v0.10.7
4 verbose read json /usr/local/lib/package.json
5 verbose read json /usr/local/lib/package.json
6 verbose cache add [ 'grunt-cli', null ]
7 verbose cache add name=undefined spec="grunt-cli" args=["grunt-cli",null]
8 verbose parsed url { protocol: null,
8 verbose parsed url   slashes: null,
8 verbose parsed url   auth: null,
8 verbose parsed url   host: null,
8 verbose parsed url   port: null,
8 verbose parsed url   hostname: null,
8 verbose parsed url   hash: null,
8 verbose parsed url   search: null,
8 verbose parsed url   query: null,
8 verbose parsed url   pathname: 'grunt-cli',
8 verbose parsed url   path: 'grunt-cli',
8 verbose parsed url   href: 'grunt-cli' }
9 silly lockFile 671ef8ac-grunt-cli grunt-cli
10 verbose lock grunt-cli /Users/kevinwynn/.npm/671ef8ac-grunt-cli.lock
11 silly lockFile 671ef8ac-grunt-cli grunt-cli
12 silly lockFile 671ef8ac-grunt-cli grunt-cli
13 verbose addNamed [ 'grunt-cli', '' ]
14 verbose addNamed [ null, '' ]
15 silly lockFile d63f3d0b-grunt-cli grunt-cli@
16 verbose lock grunt-cli@ /Users/kevinwynn/.npm/d63f3d0b-grunt-cli.lock
17 silly addNameRange { name: 'grunt-cli', range: '', hasData: false }
18 verbose url raw grunt-cli
19 verbose url resolving [ 'https://registry.npmjs.org/', './grunt-cli' ]
20 verbose url resolved https://registry.npmjs.org/grunt-cli
21 info trying registry request attempt 1 at 15:17:24
22 verbose etag "DHJKBBSUTETKAJTDNGKUJOX5K"
23 http GET https://registry.npmjs.org/grunt-cli
24 http 304 https://registry.npmjs.org/grunt-cli
25 silly registry.get cb [ 304,
25 silly registry.get   { date: 'Thu, 30 Jan 2014 21:17:24 GMT',
25 silly registry.get     server: 'Apache',
25 silly registry.get     connection: 'Keep-Alive',
25 silly registry.get     'keep-alive': 'timeout=10, max=50',
25 silly registry.get     etag: '"DHJKBBSUTETKAJTDNGKUJOX5K"',
25 silly registry.get     vary: 'Accept' } ]
26 verbose etag grunt-cli from cache
27 silly addNameRange number 2 { name: 'grunt-cli', range: '', hasData: true }
28 silly addNameRange versions [ 'grunt-cli',
28 silly addNameRange   [ '0.1.0',
28 silly addNameRange     '0.1.1',
28 silly addNameRange     '0.1.2',
28 silly addNameRange     '0.1.3',
28 silly addNameRange     '0.1.4',
28 silly addNameRange     '0.1.5',
28 silly addNameRange     '0.1.6',
28 silly addNameRange     '0.1.7',
28 silly addNameRange     '0.1.8',
28 silly addNameRange     '0.1.9',
28 silly addNameRange     '0.1.10',
28 silly addNameRange     '0.1.11',
28 silly addNameRange     '0.1.12',
28 silly addNameRange     '0.1.13' ] ]
29 verbose addNamed [ 'grunt-cli', '0.1.13' ]
30 verbose addNamed [ '0.1.13', '0.1.13' ]
31 silly lockFile 28997503-grunt-cli-0-1-13 grunt-cli@0.1.13
32 verbose lock grunt-cli@0.1.13 /Users/kevinwynn/.npm/28997503-grunt-cli-0-1-13.lock
33 verbose read json /Users/kevinwynn/.npm/grunt-cli/0.1.13/package/package.json
34 silly lockFile 28997503-grunt-cli-0-1-13 grunt-cli@0.1.13
35 silly lockFile 28997503-grunt-cli-0-1-13 grunt-cli@0.1.13
36 silly lockFile d63f3d0b-grunt-cli grunt-cli@
37 silly lockFile d63f3d0b-grunt-cli grunt-cli@
38 silly resolved [ { name: 'grunt-cli',
38 silly resolved     description: 'The grunt command line interface.',
38 silly resolved     version: '0.1.13',
38 silly resolved     author: { name: 'Grunt Team' },
38 silly resolved     homepage: 'http://gruntjs.com/',
38 silly resolved     repository: { type: 'git', url: 'git://github.com/gruntjs/grunt-cli.git' },
38 silly resolved     bugs: { url: 'http://github.com/gruntjs/grunt-cli/issues' },
38 silly resolved     licenses: [ [Object] ],
38 silly resolved     bin: { grunt: 'bin/grunt' },
38 silly resolved     engines: { node: '>= 0.8.0' },
38 silly resolved     scripts: { test: 'node bin/grunt test' },
38 silly resolved     preferGlobal: true,
38 silly resolved     dependencies: { nopt: '~1.0.10', 'findup-sync': '~0.1.0', resolve: '~0.3.1' },
38 silly resolved     devDependencies: { grunt: '~0.4.0', 'grunt-contrib-jshint': '~0.2.0' },
38 silly resolved     contributors: [ [Object], [Object], [Object], [Object] ],
38 silly resolved     readme: '# grunt-cli [![Build Status](https://secure.travis-ci.org/gruntjs/grunt-cli.png?branch=master)](http://travis-ci.org/gruntjs/grunt-cli)\n> The Grunt command line interface.\n\nInstall this globally and you\'ll have access to the `grunt` command anywhere on your system.\n\n```shell\nnpm install -g grunt-cli\n```\n\n**Note:** The job of the `grunt` command is to load and run the version of Grunt you have installed locally to your project, irrespective of its version.  Starting with Grunt v0.4, you should never install Grunt itself globally.  For more information about why, [please read this](http://blog.nodejs.org/2011/03/23/npm-1-0-global-vs-local-installation).\n\nSee the [Getting Started](http://gruntjs.com/getting-started) guide for more information.\n\n## Shell tab auto-completion\nTo enable tab auto-completion for Grunt, add one of the following lines to your `~/.bashrc` or `~/.zshrc` file.\n\n```bash\n# Bash, ~/.bashrc\neval "$(grunt --completion=bash)"\n```\n\n```bash\n# Zsh, ~/.zshrc\neval "$(grunt --completion=zsh)"\n```\n\n## Installing grunt-cli locally\nIf you prefer the idiomatic Node.js method to get started with a project (`npm install && npm test`) then install grunt-cli locally with `npm install grunt-cli --save-dev`. Then add a script to your `package.json` to run the associated grunt command: `"scripts": { "test": "grunt test" } `. Now `npm test` will use the locally installed `./node_modules/.bin/grunt` executable to run your Grunt commands.\n\nTo read more about npm scripts, please visit the npm docs: [https://npmjs.org/doc/misc/npm-scripts.html](https://npmjs.org/doc/misc/npm-scripts.html).\n',
38 silly resolved     readmeFilename: 'README.md',
38 silly resolved     _id: 'grunt-cli@0.1.13',
38 silly resolved     _from: 'grunt-cli@' } ]
39 info install grunt-cli@0.1.13 into /usr/local/lib
40 info installOne grunt-cli@0.1.13
41 verbose from cache /Users/kevinwynn/.npm/grunt-cli/0.1.13/package/package.json
42 info /usr/local/lib/node_modules/grunt-cli unbuild
43 verbose read json /usr/local/lib/node_modules/grunt-cli/package.json
44 info preuninstall grunt-cli@0.1.13
45 info uninstall grunt-cli@0.1.13
46 verbose true,/usr/local/lib/node_modules,/usr/local/lib/node_modules unbuild grunt-cli@0.1.13
47 verbose /usr/local/bin,[object Object] binRoot
48 info postuninstall grunt-cli@0.1.13
49 verbose tar unpack /Users/kevinwynn/.npm/grunt-cli/0.1.13/package.tgz
50 silly lockFile 58f484da-local-lib-node-modules-grunt-cli /usr/local/lib/node_modules/grunt-cli
51 verbose lock /usr/local/lib/node_modules/grunt-cli /Users/kevinwynn/.npm/58f484da-local-lib-node-modules-grunt-cli.lock
52 silly lockFile 5f50a7d0-npm-grunt-cli-0-1-13-package-tgz /Users/kevinwynn/.npm/grunt-cli/0.1.13/package.tgz
53 verbose lock /Users/kevinwynn/.npm/grunt-cli/0.1.13/package.tgz /Users/kevinwynn/.npm/5f50a7d0-npm-grunt-cli-0-1-13-package-tgz.lock
54 silly gunzTarPerm modes [ '755', '644' ]
55 silly gunzTarPerm extractEntry package.json
56 silly gunzTarPerm extractEntry .npmignore
57 silly gunzTarPerm extractEntry README.md
58 silly gunzTarPerm extractEntry Gruntfile.js
59 silly gunzTarPerm extractEntry .travis.yml
60 silly gunzTarPerm extractEntry AUTHORS
61 silly gunzTarPerm extractEntry LICENSE-MIT
62 silly gunzTarPerm extractEntry bin/grunt
63 silly gunzTarPerm extractEntry completion/bash
64 silly gunzTarPerm extractEntry completion/zsh
65 silly gunzTarPerm extractEntry lib/cli.js
66 silly gunzTarPerm extractEntry lib/completion.js
67 silly gunzTarPerm extractEntry lib/info.js
68 verbose read json /usr/local/lib/node_modules/grunt-cli/package.json
69 silly lockFile 58f484da-local-lib-node-modules-grunt-cli /usr/local/lib/node_modules/grunt-cli
70 silly lockFile 58f484da-local-lib-node-modules-grunt-cli /usr/local/lib/node_modules/grunt-cli
71 silly lockFile 5f50a7d0-npm-grunt-cli-0-1-13-package-tgz /Users/kevinwynn/.npm/grunt-cli/0.1.13/package.tgz
72 silly lockFile 5f50a7d0-npm-grunt-cli-0-1-13-package-tgz /Users/kevinwynn/.npm/grunt-cli/0.1.13/package.tgz
73 info preinstall grunt-cli@0.1.13
74 verbose from cache /usr/local/lib/node_modules/grunt-cli/package.json
75 verbose readDependencies using package.json deps
76 verbose from cache /usr/local/lib/node_modules/grunt-cli/package.json
77 verbose readDependencies using package.json deps
78 verbose cache add [ 'nopt@~1.0.10', null ]
79 verbose cache add name=undefined spec="nopt@~1.0.10" args=["nopt@~1.0.10",null]
80 verbose parsed url { protocol: null,
80 verbose parsed url   slashes: null,
80 verbose parsed url   auth: null,
80 verbose parsed url   host: null,
80 verbose parsed url   port: null,
80 verbose parsed url   hostname: null,
80 verbose parsed url   hash: null,
80 verbose parsed url   search: null,
80 verbose parsed url   query: null,
80 verbose parsed url   pathname: 'nopt@~1.0.10',
80 verbose parsed url   path: 'nopt@~1.0.10',
80 verbose parsed url   href: 'nopt@~1.0.10' }
81 verbose cache add name="nopt" spec="~1.0.10" args=["nopt","~1.0.10"]
82 verbose parsed url { protocol: null,
82 verbose parsed url   slashes: null,
82 verbose parsed url   auth: null,
82 verbose parsed url   host: null,
82 verbose parsed url   port: null,
82 verbose parsed url   hostname: null,
82 verbose parsed url   hash: null,
82 verbose parsed url   search: null,
82 verbose parsed url   query: null,
82 verbose parsed url   pathname: '~1.0.10',
82 verbose parsed url   path: '~1.0.10',
82 verbose parsed url   href: '~1.0.10' }
83 verbose addNamed [ 'nopt', '~1.0.10' ]
84 verbose addNamed [ null, '>=1.0.10- <1.1.0-' ]
85 silly lockFile 79f78dba-nopt-1-0-10 nopt@~1.0.10
86 verbose lock nopt@~1.0.10 /Users/kevinwynn/.npm/79f78dba-nopt-1-0-10.lock
87 verbose cache add [ 'findup-sync@~0.1.0', null ]
88 verbose cache add name=undefined spec="findup-sync@~0.1.0" args=["findup-sync@~0.1.0",null]
89 verbose parsed url { protocol: null,
89 verbose parsed url   slashes: null,
89 verbose parsed url   auth: null,
89 verbose parsed url   host: null,
89 verbose parsed url   port: null,
89 verbose parsed url   hostname: null,
89 verbose parsed url   hash: null,
89 verbose parsed url   search: null,
89 verbose parsed url   query: null,
89 verbose parsed url   pathname: 'findup-sync@~0.1.0',
89 verbose parsed url   path: 'findup-sync@~0.1.0',
89 verbose parsed url   href: 'findup-sync@~0.1.0' }
90 verbose cache add name="findup-sync" spec="~0.1.0" args=["findup-sync","~0.1.0"]
91 verbose parsed url { protocol: null,
91 verbose parsed url   slashes: null,
91 verbose parsed url   auth: null,
91 verbose parsed url   host: null,
91 verbose parsed url   port: null,
91 verbose parsed url   hostname: null,
91 verbose parsed url   hash: null,
91 verbose parsed url   search: null,
91 verbose parsed url   query: null,
91 verbose parsed url   pathname: '~0.1.0',
91 verbose parsed url   path: '~0.1.0',
91 verbose parsed url   href: '~0.1.0' }
92 verbose addNamed [ 'findup-sync', '~0.1.0' ]
93 verbose addNamed [ null, '>=0.1.0- <0.2.0-' ]
94 silly lockFile 625605b9-findup-sync-0-1-0 findup-sync@~0.1.0
95 verbose lock findup-sync@~0.1.0 /Users/kevinwynn/.npm/625605b9-findup-sync-0-1-0.lock
96 silly addNameRange { name: 'nopt', range: '>=1.0.10- <1.1.0-', hasData: false }
97 verbose cache add [ 'resolve@~0.3.1', null ]
98 verbose cache add name=undefined spec="resolve@~0.3.1" args=["resolve@~0.3.1",null]
99 verbose parsed url { protocol: null,
99 verbose parsed url   slashes: null,
99 verbose parsed url   auth: null,
99 verbose parsed url   host: null,
99 verbose parsed url   port: null,
99 verbose parsed url   hostname: null,
99 verbose parsed url   hash: null,
99 verbose parsed url   search: null,
99 verbose parsed url   query: null,
99 verbose parsed url   pathname: 'resolve@~0.3.1',
99 verbose parsed url   path: 'resolve@~0.3.1',
99 verbose parsed url   href: 'resolve@~0.3.1' }
100 verbose cache add name="resolve" spec="~0.3.1" args=["resolve","~0.3.1"]
101 verbose parsed url { protocol: null,
101 verbose parsed url   slashes: null,
101 verbose parsed url   auth: null,
101 verbose parsed url   host: null,
101 verbose parsed url   port: null,
101 verbose parsed url   hostname: null,
101 verbose parsed url   hash: null,
101 verbose parsed url   search: null,
101 verbose parsed url   query: null,
101 verbose parsed url   pathname: '~0.3.1',
101 verbose parsed url   path: '~0.3.1',
101 verbose parsed url   href: '~0.3.1' }
102 verbose addNamed [ 'resolve', '~0.3.1' ]
103 verbose addNamed [ null, '>=0.3.1- <0.4.0-' ]
104 silly lockFile 7958d065-resolve-0-3-1 resolve@~0.3.1
105 verbose lock resolve@~0.3.1 /Users/kevinwynn/.npm/7958d065-resolve-0-3-1.lock
106 silly addNameRange { name: 'findup-sync',
106 silly addNameRange   range: '>=0.1.0- <0.2.0-',
106 silly addNameRange   hasData: false }
107 silly addNameRange { name: 'resolve', range: '>=0.3.1- <0.4.0-', hasData: false }
108 verbose url raw nopt
109 verbose url resolving [ 'https://registry.npmjs.org/', './nopt' ]
110 verbose url resolved https://registry.npmjs.org/nopt
111 info trying registry request attempt 1 at 15:17:24
112 verbose etag "5FOK5VCZMGED276LHMEIXS6LC"
113 http GET https://registry.npmjs.org/nopt
114 verbose url raw findup-sync
115 verbose url resolving [ 'https://registry.npmjs.org/', './findup-sync' ]
116 verbose url resolved https://registry.npmjs.org/findup-sync
117 info trying registry request attempt 1 at 15:17:24
118 verbose etag "1TNGOI37U42LSJOBBNSQ2O5H9"
119 http GET https://registry.npmjs.org/findup-sync
120 verbose url raw resolve
121 verbose url resolving [ 'https://registry.npmjs.org/', './resolve' ]
122 verbose url resolved https://registry.npmjs.org/resolve
123 info trying registry request attempt 1 at 15:17:24
124 verbose etag "AJ9J49RILO9AQYHHDMG0HVVO1"
125 http GET https://registry.npmjs.org/resolve
126 http 304 https://registry.npmjs.org/findup-sync
127 silly registry.get cb [ 304,
127 silly registry.get   { date: 'Thu, 30 Jan 2014 21:17:24 GMT',
127 silly registry.get     server: 'Apache',
127 silly registry.get     connection: 'Keep-Alive',
127 silly registry.get     'keep-alive': 'timeout=10, max=50',
127 silly registry.get     etag: '"1TNGOI37U42LSJOBBNSQ2O5H9"',
127 silly registry.get     vary: 'Accept' } ]
128 verbose etag findup-sync from cache
129 silly addNameRange number 2 { name: 'findup-sync', range: '>=0.1.0- <0.2.0-', hasData: true }
130 silly addNameRange versions [ 'findup-sync', [ '0.1.0', '0.1.1', '0.1.2' ] ]
131 verbose addNamed [ 'findup-sync', '0.1.2' ]
132 verbose addNamed [ '0.1.2', '0.1.2' ]
133 silly lockFile d7184b2b-findup-sync-0-1-2 findup-sync@0.1.2
134 verbose lock findup-sync@0.1.2 /Users/kevinwynn/.npm/d7184b2b-findup-sync-0-1-2.lock
135 verbose read json /Users/kevinwynn/.npm/findup-sync/0.1.2/package/package.json
136 silly lockFile d7184b2b-findup-sync-0-1-2 findup-sync@0.1.2
137 silly lockFile d7184b2b-findup-sync-0-1-2 findup-sync@0.1.2
138 silly lockFile 625605b9-findup-sync-0-1-0 findup-sync@~0.1.0
139 silly lockFile 625605b9-findup-sync-0-1-0 findup-sync@~0.1.0
140 http 304 https://registry.npmjs.org/nopt
141 silly registry.get cb [ 304,
141 silly registry.get   { date: 'Thu, 30 Jan 2014 21:17:24 GMT',
141 silly registry.get     server: 'Apache',
141 silly registry.get     connection: 'Keep-Alive',
141 silly registry.get     'keep-alive': 'timeout=10, max=50',
141 silly registry.get     etag: '"5FOK5VCZMGED276LHMEIXS6LC"',
141 silly registry.get     vary: 'Accept' } ]
142 verbose etag nopt from cache
143 silly addNameRange number 2 { name: 'nopt', range: '>=1.0.10- <1.1.0-', hasData: true }
144 silly addNameRange versions [ 'nopt',
144 silly addNameRange   [ '1.0.0',
144 silly addNameRange     '1.0.1',
144 silly addNameRange     '1.0.2',
144 silly addNameRange     '1.0.3',
144 silly addNameRange     '1.0.4',
144 silly addNameRange     '1.0.5',
144 silly addNameRange     '1.0.6',
144 silly addNameRange     '1.0.7',
144 silly addNameRange     '1.0.8',
144 silly addNameRange     '1.0.9',
144 silly addNameRange     '1.0.10',
144 silly addNameRange     '2.0.0',
144 silly addNameRange     '2.1.0',
144 silly addNameRange     '2.1.1',
144 silly addNameRange     '2.1.2' ] ]
145 verbose addNamed [ 'nopt', '1.0.10' ]
146 verbose addNamed [ '1.0.10', '1.0.10' ]
147 silly lockFile 1be903a1-nopt-1-0-10 nopt@1.0.10
148 verbose lock nopt@1.0.10 /Users/kevinwynn/.npm/1be903a1-nopt-1-0-10.lock
149 verbose read json /Users/kevinwynn/.npm/nopt/1.0.10/package/package.json
150 silly lockFile 1be903a1-nopt-1-0-10 nopt@1.0.10
151 silly lockFile 1be903a1-nopt-1-0-10 nopt@1.0.10
152 silly lockFile 79f78dba-nopt-1-0-10 nopt@~1.0.10
153 silly lockFile 79f78dba-nopt-1-0-10 nopt@~1.0.10
154 http 304 https://registry.npmjs.org/resolve
155 silly registry.get cb [ 304,
155 silly registry.get   { date: 'Thu, 30 Jan 2014 21:17:24 GMT',
155 silly registry.get     server: 'Apache',
155 silly registry.get     connection: 'Keep-Alive',
155 silly registry.get     'keep-alive': 'timeout=10, max=50',
155 silly registry.get     etag: '"AJ9J49RILO9AQYHHDMG0HVVO1"',
155 silly registry.get     vary: 'Accept' } ]
156 verbose etag resolve from cache
157 silly addNameRange number 2 { name: 'resolve', range: '>=0.3.1- <0.4.0-', hasData: true }
158 silly addNameRange versions [ 'resolve',
158 silly addNameRange   [ '0.0.0',
158 silly addNameRange     '0.0.1',
158 silly addNameRange     '0.0.2',
158 silly addNameRange     '0.0.3',
158 silly addNameRange     '0.0.4',
158 silly addNameRange     '0.1.0',
158 silly addNameRange     '0.1.2',
158 silly addNameRange     '0.1.3',
158 silly addNameRange     '0.2.0',
158 silly addNameRange     '0.2.1',
158 silly addNameRange     '0.2.2',
158 silly addNameRange     '0.2.3',
158 silly addNameRange     '0.2.4',
158 silly addNameRange     '0.2.5',
158 silly addNameRange     '0.2.6',
158 silly addNameRange     '0.2.7',
158 silly addNameRange     '0.2.8',
158 silly addNameRange     '0.3.0',
158 silly addNameRange     '0.3.1',
158 silly addNameRange     '0.4.0',
158 silly addNameRange     '0.4.1',
158 silly addNameRange     '0.4.2',
158 silly addNameRange     '0.4.3',
158 silly addNameRange     '0.5.0',
158 silly addNameRange     '0.5.1',
158 silly addNameRange     '0.6.0',
158 silly addNameRange     '0.6.1' ] ]
159 verbose addNamed [ 'resolve', '0.3.1' ]
160 verbose addNamed [ '0.3.1', '0.3.1' ]
161 silly lockFile 95464470-resolve-0-3-1 resolve@0.3.1
162 verbose lock resolve@0.3.1 /Users/kevinwynn/.npm/95464470-resolve-0-3-1.lock
163 verbose read json /Users/kevinwynn/.npm/resolve/0.3.1/package/package.json
164 silly lockFile 95464470-resolve-0-3-1 resolve@0.3.1
165 silly lockFile 95464470-resolve-0-3-1 resolve@0.3.1
166 silly lockFile 7958d065-resolve-0-3-1 resolve@~0.3.1
167 silly lockFile 7958d065-resolve-0-3-1 resolve@~0.3.1
168 silly resolved [ { name: 'findup-sync',
168 silly resolved     description: 'Find the first file matching a given pattern in the current directory or the nearest ancestor directory.',
168 silly resolved     version: '0.1.2',
168 silly resolved     homepage: 'https://github.com/cowboy/node-findup-sync',
168 silly resolved     author: { name: '"Cowboy" Ben Alman', url: 'http://benalman.com/' },
168 silly resolved     repository:
168 silly resolved      { type: 'git',
168 silly resolved        url: 'git://github.com/cowboy/node-findup-sync.git' },
168 silly resolved     bugs: { url: 'https://github.com/cowboy/node-findup-sync/issues' },
168 silly resolved     licenses: [ [Object] ],
168 silly resolved     main: 'lib/findup-sync',
168 silly resolved     engines: { node: '>= 0.6.0' },
168 silly resolved     scripts: { test: 'grunt nodeunit' },
168 silly resolved     dependencies: { glob: '~3.1.21', lodash: '~1.0.1' },
168 silly resolved     devDependencies:
168 silly resolved      { grunt: '~0.4.0',
168 silly resolved        'grunt-contrib-jshint': '~0.2.0',
168 silly resolved        'grunt-contrib-nodeunit': '~0.1.2' },
168 silly resolved     keywords: [ 'find', 'glob', 'file' ],
168 silly resolved     readme: '# findup-sync\n\nFind the first file matching a given pattern in the current directory or the nearest ancestor directory.\n\n## Getting Started\nInstall the module with: `npm install findup-sync`\n\n```js\nvar findup = require(\'findup-sync\');\n\n// Start looking in the CWD.\nvar filepath1 = findup(\'{a,b}*.txt\');\n\n// Start looking somewhere else, and ignore case (probably a good idea).\nvar filepath2 = findup(\'{a,b}*.txt\', {cwd: \'/some/path\', nocase: true});\n```\n\n## Usage\n\n```js\nfindup(patternOrPatterns [, minimatchOptions])\n```\n\n### patternOrPatterns\nType: `String` or `Array`  \nDefault: none\n\nOne or more wildcard glob patterns. Or just filenames.\n\n### minimatchOptions\nType: `Object`  \nDefault: `{}`\n\nOptions to be passed to [minimatch](https://github.com/isaacs/minimatch).\n\nNote that if you want to start in a different directory than the current working directory, specify a `cwd` property here.\n\n## Contributing\nIn lieu of a formal styleguide, take care to maintain the existing coding style. Add unit tests for any new or changed functionality. Lint and test your code using [Grunt](http://gruntjs.com/).\n\n## Release History\n2013-03-08 - v0.1.2 - Updated dependencies. Fixed a Node 0.9.x bug. Updated unit tests to work cross-platform.  \n2012-11-15 - v0.1.1 - Now works without an options object.  \n2012-11-01 - v0.1.0 - Initial release.\n',
168 silly resolved     readmeFilename: 'README.md',
168 silly resolved     _id: 'findup-sync@0.1.2',
168 silly resolved     _from: 'findup-sync@~0.1.0' },
168 silly resolved   { name: 'nopt',
168 silly resolved     version: '1.0.10',
168 silly resolved     description: 'Option parsing for Node, supporting types, shorthands, etc. Used by npm.',
168 silly resolved     author:
168 silly resolved      { name: 'Isaac Z. Schlueter',
168 silly resolved        email: 'i@izs.me',
168 silly resolved        url: 'http://blog.izs.me/' },
168 silly resolved     main: 'lib/nopt.js',
168 silly resolved     scripts: { test: 'node lib/nopt.js' },
168 silly resolved     repository: { type: 'git', url: 'http://github.com/isaacs/nopt' },
168 silly resolved     bin: { nopt: './bin/nopt.js' },
168 silly resolved     license:
168 silly resolved      { type: 'MIT',
168 silly resolved        url: 'https://github.com/isaacs/nopt/raw/master/LICENSE' },
168 silly resolved     dependencies: { abbrev: '1' },
168 silly resolved     readme: 'If you want to write an option parser, and have it be good, there are\ntwo ways to do it.  The Right Way, and the Wrong Way.\n\nThe Wrong Way is to sit down and write an option parser.  We\'ve all done\nthat.\n\nThe Right Way is to write some complex configurable program with so many\noptions that you go half-insane just trying to manage them all, and put\nit off with duct-tape solutions until you see exactly to the core of the\nproblem, and finally snap and write an awesome option parser.\n\nIf you want to write an option parser, don\'t write an option parser.\nWrite a package manager, or a source control system, or a service\nrestarter, or an operating system.  You probably won\'t end up with a\ngood one of those, but if you don\'t give up, and you are relentless and\ndiligent enough in your procrastination, you may just end up with a very\nnice option parser.\n\n## USAGE\n\n    // my-program.js\n    var nopt = require("nopt")\n      , Stream = require("stream").Stream\n      , path = require("path")\n      , knownOpts = { "foo" : [String, null]\n                    , "bar" : [Stream, Number]\n                    , "baz" : path\n                    , "bloo" : [ "big", "medium", "small" ]\n                    , "flag" : Boolean\n                    , "pick" : Boolean\n                    , "many" : [String, Array]\n                    }\n      , shortHands = { "foofoo" : ["--foo", "Mr. Foo"]\n                     , "b7" : ["--bar", "7"]\n                     , "m" : ["--bloo", "medium"]\n                     , "p" : ["--pick"]\n                     , "f" : ["--flag"]\n                     }\n                 // everything is optional.\n                 // knownOpts and shorthands default to {}\n                 // arg list defaults to process.argv\n                 // slice defaults to 2\n      , parsed = nopt(knownOpts, shortHands, process.argv, 2)\n    console.log(parsed)\n\nThis would give you support for any of the following:\n\n```bash\n$ node my-program.js --foo "blerp" --no-flag\n{ "foo" : "blerp", "flag" : false }\n\n$ node my-program.js ---bar 7 --foo "Mr. Hand" --flag\n{ bar: 7, foo: "Mr. Hand", flag: true }\n\n$ node my-program.js --foo "blerp" -f -----p\n{ foo: "blerp", flag: true, pick: true }\n\n$ node my-program.js -fp --foofoo\n{ foo: "Mr. Foo", flag: true, pick: true }\n\n$ node my-program.js --foofoo -- -fp  # -- stops the flag parsing.\n{ foo: "Mr. Foo", argv: { remain: ["-fp"] } }\n\n$ node my-program.js --blatzk 1000 -fp # unknown opts are ok.\n{ blatzk: 1000, flag: true, pick: true }\n\n$ node my-program.js --blatzk true -fp # but they need a value\n{ blatzk: true, flag: true, pick: true }\n\n$ node my-program.js --no-blatzk -fp # unless they start with "no-"\n{ blatzk: false, flag: true, pick: true }\n\n$ node my-program.js --baz b/a/z # known paths are resolved.\n{ baz: "/Users/isaacs/b/a/z" }\n\n# if Array is one of the types, then it can take many\n# values, and will always be an array.  The other types provided\n# specify what types are allowed in the list.\n\n$ node my-program.js --many 1 --many null --many foo\n{ many: ["1", "null", "foo"] }\n\n$ node my-program.js --many foo\n{ many: ["foo"] }\n```\n\nRead the tests at the bottom of `lib/nopt.js` for more examples of\nwhat this puppy can do.\n\n## Types\n\nThe following types are supported, and defined on `nopt.typeDefs`\n\n* String: A normal string.  No parsing is done.\n* path: A file system path.  Gets resolved against cwd if not absolute.\n* url: A url.  If it doesn\'t parse, it isn\'t accepted.\n* Number: Must be numeric.\n* Date: Must parse as a date. If it does, and `Date` is one of the options,\n  then it will return a Date object, not a string.\n* Boolean: Must be either `true` or `false`.  If an option is a boolean,\n  then it does not need a value, and its presence will imply `true` as\n  the value.  To negate boolean flags, do `--no-whatever` or `--whatever\n  false`\n* NaN: Means that the option is strictly not allowed.  Any value will\n  fail.\n* Stream: An object matching the "Stream" class in node.  Valuable\n  for use when validating programmatically.  (npm uses this to let you\n  supply any WriteStream on the `outfd` and `logfd` config options.)\n* Array: If `Array` is specified as one of the types, then the value\n  will be parsed as a list of options.  This means that multiple values\n  can be specified, and that the value will always be an array.\n\nIf a type is an array of values not on this list, then those are\nconsidered valid values.  For instance, in the example above, the\n`--bloo` option can only be one of `"big"`, `"medium"`, or `"small"`,\nand any other value will be rejected.\n\nWhen parsing unknown fields, `"true"`, `"false"`, and `"null"` will be\ninterpreted as their JavaScript equivalents, and numeric values will be\ninterpreted as a number.\n\nYou can also mix types and values, or multiple types, in a list.  For\ninstance `{ blah: [Number, null] }` would allow a value to be set to\neither a Number or null.\n\nTo define a new type, add it to `nopt.typeDefs`.  Each item in that\nhash is an object with a `type` member and a `validate` method.  The\n`type` member is an object that matches what goes in the type list.  The\n`validate` method is a function that gets called with `validate(data,\nkey, val)`.  Validate methods should assign `data[key]` to the valid\nvalue of `val` if it can be handled properly, or return boolean\n`false` if it cannot.\n\nYou can also call `nopt.clean(data, types, typeDefs)` to clean up a\nconfig object and remove its invalid properties.\n\n## Error Handling\n\nBy default, nopt outputs a warning to standard error when invalid\noptions are found.  You can change this behavior by assigning a method\nto `nopt.invalidHandler`.  This method will be called with\nthe offending `nopt.invalidHandler(key, val, types)`.\n\nIf no `nopt.invalidHandler` is assigned, then it will console.error\nits whining.  If it is assigned to boolean `false` then the warning is\nsuppressed.\n\n## Abbreviations\n\nYes, they are supported.  If you define options like this:\n\n```javascript\n{ "foolhardyelephants" : Boolean\n, "pileofmonkeys" : Boolean }\n```\n\nThen this will work:\n\n```bash\nnode program.js --foolhar --pil\nnode program.js --no-f --pileofmon\n# etc.\n```\n\n## Shorthands\n\nShorthands are a hash of shorter option names to a snippet of args that\nthey expand to.\n\nIf multiple one-character shorthands are all combined, and the\ncombination does not unambiguously match any other option or shorthand,\nthen they will be broken up into their constituent parts.  For example:\n\n```json\n{ "s" : ["--loglevel", "silent"]\n, "g" : "--global"\n, "f" : "--force"\n, "p" : "--parseable"\n, "l" : "--long"\n}\n```\n\n```bash\nnpm ls -sgflp\n# just like doing this:\nnpm ls --loglevel silent --global --force --long --parseable\n```\n\n## The Rest of the args\n\nThe config object returned by nopt is given a special member called\n`argv`, which is an object with the following fields:\n\n* `remain`: The remaining args after all the parsing has occurred.\n* `original`: The args as they originally appeared.\n* `cooked`: The args after flags and shorthands are expanded.\n\n## Slicing\n\nNode programs are called with more or less the exact argv as it appears\nin C land, after the v8 and node-specific options have been plucked off.\nAs such, `argv[0]` is always `node` and `argv[1]` is always the\nJavaScript program being run.\n\nThat\'s usually not very useful to you.  So they\'re sliced off by\ndefault.  If you want them, then you can pass in `0` as the last\nargument, or any other number that you\'d like to slice off the start of\nthe list.\n',
168 silly resolved     readmeFilename: 'README.md',
168 silly resolved     bugs: { url: 'https://github.com/isaacs/nopt/issues' },
168 silly resolved     _id: 'nopt@1.0.10',
168 silly resolved     _from: 'nopt@~1.0.10' },
168 silly resolved   { name: 'resolve',
168 silly resolved     description: 'resolve like require.resolve() on behalf of files asynchronously and synchronously',
168 silly resolved     version: '0.3.1',
168 silly resolved     repository:
168 silly resolved      { type: 'git',
168 silly resolved        url: 'git://github.com/substack/node-resolve.git' },
168 silly resolved     main: 'index.js',
168 silly resolved     keywords: [ 'resolve', 'require', 'node', 'module' ],
168 silly resolved     scripts: { test: 'tap test/*.js' },
168 silly resolved     devDependencies: { tap: '~0.4.0' },
168 silly resolved     license: 'MIT',
168 silly resolved     author:
168 silly resolved      { name: 'James Halliday',
168 silly resolved        email: 'mail@substack.net',
168 silly resolved        url: 'http://substack.net' },
168 silly resolved     readme: '# resolve\n\nimplements the [node `require.resolve()`\nalgorithm](http://nodejs.org/docs/v0.4.8/api/all.html#all_Together...)\nsuch that you can `require.resolve()` on behalf of a file asynchronously and\nsynchronously\n\n[![build status](https://secure.travis-ci.org/substack/node-resolve.png)](http://travis-ci.org/substack/node-resolve)\n\n# example\n\nasynchronously resolve:\n\n``` js\nvar resolve = require(\'resolve\');\nresolve(\'tap\', { basedir: __dirname }, function (err, res) {\n    if (err) console.error(err)\n    else console.log(res)\n});\n```\n\n```\n$ node example/async.js\n/home/substack/projects/node-resolve/node_modules/tap/lib/main.js\n```\n\nsynchronously resolve:\n\n``` js\nvar resolve = require(\'resolve\');\nvar res = resolve.sync(\'tap\', { basedir: __dirname });\nconsole.log(res);\n```\n\n```\n$ node example/sync.js\n/home/substack/projects/node-resolve/node_modules/tap/lib/main.js\n```\n\n# methods\n\n``` js\nvar resolve = require(\'resolve\')\n```\n\n## resolve(pkg, opts={}, cb)\n\nAsynchronously resolve the module path string `pkg` into `cb(err, res)`.\n\noptions are:\n\n* opts.basedir - directory to begin resolving from\n\n* opts.extensions - array of file extensions to search in order\n\n* opts.readFile - how to read files asynchronously\n\n* opts.isFile - function to asynchronously test whether a file exists\n\n* opts.packageFilter - transform the parsed package.json contents before looking\nat the "main" field\n\n* opts.paths - require.paths array to use if nothing is found on the normal\nnode_modules recursive walk (probably don\'t use this)\n\ndefault `opts` values:\n\n``` javascript\n{\n    paths: [],\n    basedir: __dirname,\n    extensions: [ \'.js\' ],\n    readFile: fs.readFile,\n    isFile: function (file, cb) {\n        fs.stat(file, function (err, stat) {\n            if (err && err.code === \'ENOENT\') cb(null, false)\n            else if (err) cb(err)\n            else cb(null, stat.isFile())\n        });\n    }\n}\n```\n\n## resolve.sync(pkg, opts)\n\nSynchronously resolve the module path string `pkg`, returning the result and\nthrowing an error when `pkg` can\'t be resolved.\n\noptions are:\n\n* opts.basedir - directory to begin resolving from\n\n* opts.extensions - array of file extensions to search in order\n\n* opts.readFile - how to read files synchronously\n\n* opts.isFile - function to synchronously test whether a file exists\n\n* opts.packageFilter - transform the parsed package.json contents before looking\nat the "main" field\n\n* opts.paths - require.paths array to use if nothing is found on the normal\nnode_modules recursive walk (probably don\'t use this)\n\ndefault `opts` values:\n\n``` javascript\n{\n    paths: [],\n    basedir: __dirname,\n    extensions: [ \'.js\' ],\n    readFileSync: fs.readFileSync,\n    isFile: function (file) {\n        try { return fs.statSync(file).isFile() }\n        catch (e) { return false }\n    }\n}\n````\n\n## resolve.isCore(pkg)\n\nReturn whether a package is in core.\n\n# install\n\nWith [npm](https://npmjs.org) do:\n\n```\nnpm install resolve\n```\n\n# license\n\nMIT\n',
168 silly resolved     readmeFilename: 'readme.markdown',
168 silly resolved     bugs: { url: 'https://github.com/substack/node-resolve/issues' },
168 silly resolved     _id: 'resolve@0.3.1',
168 silly resolved     _from: 'resolve@~0.3.1' } ]
169 info install findup-sync@0.1.2 into /usr/local/lib/node_modules/grunt-cli
170 info install nopt@1.0.10 into /usr/local/lib/node_modules/grunt-cli
171 info install resolve@0.3.1 into /usr/local/lib/node_modules/grunt-cli
172 info installOne findup-sync@0.1.2
173 info installOne nopt@1.0.10
174 info installOne resolve@0.3.1
175 verbose from cache /Users/kevinwynn/.npm/findup-sync/0.1.2/package/package.json
176 info /usr/local/lib/node_modules/grunt-cli/node_modules/findup-sync unbuild
177 verbose read json /usr/local/lib/node_modules/grunt-cli/node_modules/findup-sync/package.json
178 verbose from cache /Users/kevinwynn/.npm/nopt/1.0.10/package/package.json
179 info /usr/local/lib/node_modules/grunt-cli/node_modules/nopt unbuild
180 verbose read json /usr/local/lib/node_modules/grunt-cli/node_modules/nopt/package.json
181 verbose from cache /Users/kevinwynn/.npm/resolve/0.3.1/package/package.json
182 info /usr/local/lib/node_modules/grunt-cli/node_modules/resolve unbuild
183 verbose read json /usr/local/lib/node_modules/grunt-cli/node_modules/resolve/package.json
184 verbose tar unpack /Users/kevinwynn/.npm/findup-sync/0.1.2/package.tgz
185 silly lockFile 16784428-unt-cli-node-modules-findup-sync /usr/local/lib/node_modules/grunt-cli/node_modules/findup-sync
186 verbose lock /usr/local/lib/node_modules/grunt-cli/node_modules/findup-sync /Users/kevinwynn/.npm/16784428-unt-cli-node-modules-findup-sync.lock
187 silly lockFile 0f9e5a4c-pm-findup-sync-0-1-2-package-tgz /Users/kevinwynn/.npm/findup-sync/0.1.2/package.tgz
188 verbose lock /Users/kevinwynn/.npm/findup-sync/0.1.2/package.tgz /Users/kevinwynn/.npm/0f9e5a4c-pm-findup-sync-0-1-2-package-tgz.lock
189 verbose tar unpack /Users/kevinwynn/.npm/nopt/1.0.10/package.tgz
190 silly lockFile 7c7cdc94-ules-grunt-cli-node-modules-nopt /usr/local/lib/node_modules/grunt-cli/node_modules/nopt
191 verbose lock /usr/local/lib/node_modules/grunt-cli/node_modules/nopt /Users/kevinwynn/.npm/7c7cdc94-ules-grunt-cli-node-modules-nopt.lock
192 silly lockFile 2bcd6363-wynn-npm-nopt-1-0-10-package-tgz /Users/kevinwynn/.npm/nopt/1.0.10/package.tgz
193 verbose lock /Users/kevinwynn/.npm/nopt/1.0.10/package.tgz /Users/kevinwynn/.npm/2bcd6363-wynn-npm-nopt-1-0-10-package-tgz.lock
194 verbose tar unpack /Users/kevinwynn/.npm/resolve/0.3.1/package.tgz
195 silly lockFile 9cd6e0b6-s-grunt-cli-node-modules-resolve /usr/local/lib/node_modules/grunt-cli/node_modules/resolve
196 verbose lock /usr/local/lib/node_modules/grunt-cli/node_modules/resolve /Users/kevinwynn/.npm/9cd6e0b6-s-grunt-cli-node-modules-resolve.lock
197 silly lockFile c2d9f844-nn-npm-resolve-0-3-1-package-tgz /Users/kevinwynn/.npm/resolve/0.3.1/package.tgz
198 verbose lock /Users/kevinwynn/.npm/resolve/0.3.1/package.tgz /Users/kevinwynn/.npm/c2d9f844-nn-npm-resolve-0-3-1-package-tgz.lock
199 silly gunzTarPerm modes [ '755', '644' ]
200 silly gunzTarPerm modes [ '755', '644' ]
201 silly gunzTarPerm modes [ '755', '644' ]
202 silly gunzTarPerm extractEntry package.json
203 silly gunzTarPerm extractEntry package.json
204 silly gunzTarPerm extractEntry package.json
205 silly gunzTarPerm extractEntry .npmignore
206 silly gunzTarPerm extractEntry README.md
207 silly gunzTarPerm extractEntry .npmignore
208 silly gunzTarPerm extractEntry README.md
209 silly gunzTarPerm extractEntry LICENSE
210 silly gunzTarPerm extractEntry index.js
211 silly gunzTarPerm extractEntry Gruntfile.js
212 silly gunzTarPerm extractEntry .jshintrc
213 silly gunzTarPerm extractEntry LICENSE
214 silly gunzTarPerm extractEntry bin/nopt.js
215 silly gunzTarPerm extractEntry .travis.yml
216 silly gunzTarPerm extractEntry example/async.js
217 silly gunzTarPerm extractEntry LICENSE-MIT
218 silly gunzTarPerm extractEntry lib/findup-sync.js
219 silly gunzTarPerm extractEntry examples/my-program.js
220 silly gunzTarPerm extractEntry lib/nopt.js
221 silly gunzTarPerm extractEntry example/sync.js
222 silly gunzTarPerm extractEntry lib/async.js
223 silly gunzTarPerm extractEntry test/findup-sync_test.js
224 silly gunzTarPerm extractEntry test/fixtures/a/b/bar.txt
225 silly gunzTarPerm extractEntry lib/core.js
226 silly gunzTarPerm extractEntry lib/sync.js
227 silly gunzTarPerm extractEntry test/fixtures/a/foo.txt
228 silly gunzTarPerm extractEntry test/fixtures/a.txt
229 silly gunzTarPerm extractEntry lib/core.json
230 silly gunzTarPerm extractEntry test/fixtures/aaa.txt
231 silly gunzTarPerm extractEntry readme.markdown
232 silly gunzTarPerm extractEntry test/core.js
233 silly gunzTarPerm extractEntry test/filter.js
234 silly gunzTarPerm extractEntry test/filter_sync.js
235 silly gunzTarPerm extractEntry test/mock.js
236 silly gunzTarPerm extractEntry test/mock_sync.js
237 silly gunzTarPerm extractEntry test/resolver.js
238 silly gunzTarPerm extractEntry test/resolver_sync.js
239 silly gunzTarPerm extractEntry test/resolver/foo.js
240 silly gunzTarPerm extractEntry test/resolver/mug.js
241 silly gunzTarPerm extractEntry test/resolver/bar/node_modules/foo/index.js
242 silly gunzTarPerm extractEntry test/resolver/baz/package.json
243 verbose read json /usr/local/lib/node_modules/grunt-cli/node_modules/nopt/package.json
244 silly gunzTarPerm extractEntry test/resolver/baz/doom.js
245 silly gunzTarPerm extractEntry test/resolver/baz/quux.js
246 silly lockFile 7c7cdc94-ules-grunt-cli-node-modules-nopt /usr/local/lib/node_modules/grunt-cli/node_modules/nopt
247 silly lockFile 7c7cdc94-ules-grunt-cli-node-modules-nopt /usr/local/lib/node_modules/grunt-cli/node_modules/nopt
248 verbose read json /usr/local/lib/node_modules/grunt-cli/node_modules/findup-sync/package.json
249 silly lockFile 2bcd6363-wynn-npm-nopt-1-0-10-package-tgz /Users/kevinwynn/.npm/nopt/1.0.10/package.tgz
250 silly lockFile 2bcd6363-wynn-npm-nopt-1-0-10-package-tgz /Users/kevinwynn/.npm/nopt/1.0.10/package.tgz
251 info preinstall nopt@1.0.10
252 silly lockFile 16784428-unt-cli-node-modules-findup-sync /usr/local/lib/node_modules/grunt-cli/node_modules/findup-sync
253 silly lockFile 16784428-unt-cli-node-modules-findup-sync /usr/local/lib/node_modules/grunt-cli/node_modules/findup-sync
254 verbose from cache /usr/local/lib/node_modules/grunt-cli/node_modules/nopt/package.json
255 silly gunzTarPerm extractEntry test/resolver/biz/node_modules/grux/index.js
256 silly gunzTarPerm extractEntry test/resolver/biz/node_modules/tiv/index.js
257 verbose readDependencies using package.json deps
258 verbose from cache /usr/local/lib/node_modules/grunt-cli/node_modules/nopt/package.json
259 silly lockFile 0f9e5a4c-pm-findup-sync-0-1-2-package-tgz /Users/kevinwynn/.npm/findup-sync/0.1.2/package.tgz
260 silly lockFile 0f9e5a4c-pm-findup-sync-0-1-2-package-tgz /Users/kevinwynn/.npm/findup-sync/0.1.2/package.tgz
261 verbose readDependencies using package.json deps
262 verbose cache add [ 'abbrev@1', null ]
263 verbose cache add name=undefined spec="abbrev@1" args=["abbrev@1",null]
264 verbose parsed url { protocol: null,
264 verbose parsed url   slashes: null,
264 verbose parsed url   auth: null,
264 verbose parsed url   host: null,
264 verbose parsed url   port: null,
264 verbose parsed url   hostname: null,
264 verbose parsed url   hash: null,
264 verbose parsed url   search: null,
264 verbose parsed url   query: null,
264 verbose parsed url   pathname: 'abbrev@1',
264 verbose parsed url   path: 'abbrev@1',
264 verbose parsed url   href: 'abbrev@1' }
265 verbose cache add name="abbrev" spec="1" args=["abbrev","1"]
266 verbose parsed url { protocol: null,
266 verbose parsed url   slashes: null,
266 verbose parsed url   auth: null,
266 verbose parsed url   host: null,
266 verbose parsed url   port: null,
266 verbose parsed url   hostname: null,
266 verbose parsed url   hash: null,
266 verbose parsed url   search: null,
266 verbose parsed url   query: null,
266 verbose parsed url   pathname: '1',
266 verbose parsed url   path: '1',
266 verbose parsed url   href: '1' }
267 verbose addNamed [ 'abbrev', '1' ]
268 verbose addNamed [ null, '>=1.0.0- <2.0.0-' ]
269 silly lockFile 6830b531-abbrev-1 abbrev@1
270 verbose lock abbrev@1 /Users/kevinwynn/.npm/6830b531-abbrev-1.lock
271 info preinstall findup-sync@0.1.2
272 silly addNameRange { name: 'abbrev', range: '>=1.0.0- <2.0.0-', hasData: false }
273 silly gunzTarPerm extractEntry test/resolver/cup.coffee
274 silly gunzTarPerm extractEntry test/resolver/mug.coffee
275 verbose from cache /usr/local/lib/node_modules/grunt-cli/node_modules/findup-sync/package.json
276 verbose readDependencies using package.json deps
277 verbose from cache /usr/local/lib/node_modules/grunt-cli/node_modules/findup-sync/package.json
278 verbose readDependencies using package.json deps
279 silly gunzTarPerm extractEntry test/resolver/other_path/root.js
280 silly gunzTarPerm extractEntry test/resolver/other_path/lib/other-lib.js
281 verbose cache add [ 'glob@~3.1.21', null ]
282 verbose cache add name=undefined spec="glob@~3.1.21" args=["glob@~3.1.21",null]
283 verbose parsed url { protocol: null,
283 verbose parsed url   slashes: null,
283 verbose parsed url   auth: null,
283 verbose parsed url   host: null,
283 verbose parsed url   port: null,
283 verbose parsed url   hostname: null,
283 verbose parsed url   hash: null,
283 verbose parsed url   search: null,
283 verbose parsed url   query: null,
283 verbose parsed url   pathname: 'glob@~3.1.21',
283 verbose parsed url   path: 'glob@~3.1.21',
283 verbose parsed url   href: 'glob@~3.1.21' }
284 verbose cache add name="glob" spec="~3.1.21" args=["glob","~3.1.21"]
285 verbose parsed url { protocol: null,
285 verbose parsed url   slashes: null,
285 verbose parsed url   auth: null,
285 verbose parsed url   host: null,
285 verbose parsed url   port: null,
285 verbose parsed url   hostname: null,
285 verbose parsed url   hash: null,
285 verbose parsed url   search: null,
285 verbose parsed url   query: null,
285 verbose parsed url   pathname: '~3.1.21',
285 verbose parsed url   path: '~3.1.21',
285 verbose parsed url   href: '~3.1.21' }
286 verbose addNamed [ 'glob', '~3.1.21' ]
287 verbose addNamed [ null, '>=3.1.21- <3.2.0-' ]
288 silly lockFile b5074ddc-glob-3-1-21 glob@~3.1.21
289 verbose lock glob@~3.1.21 /Users/kevinwynn/.npm/b5074ddc-glob-3-1-21.lock
290 verbose cache add [ 'lodash@~1.0.1', null ]
291 verbose cache add name=undefined spec="lodash@~1.0.1" args=["lodash@~1.0.1",null]
292 verbose parsed url { protocol: null,
292 verbose parsed url   slashes: null,
292 verbose parsed url   auth: null,
292 verbose parsed url   host: null,
292 verbose parsed url   port: null,
292 verbose parsed url   hostname: null,
292 verbose parsed url   hash: null,
292 verbose parsed url   search: null,
292 verbose parsed url   query: null,
292 verbose parsed url   pathname: 'lodash@~1.0.1',
292 verbose parsed url   path: 'lodash@~1.0.1',
292 verbose parsed url   href: 'lodash@~1.0.1' }
293 verbose cache add name="lodash" spec="~1.0.1" args=["lodash","~1.0.1"]
294 verbose parsed url { protocol: null,
294 verbose parsed url   slashes: null,
294 verbose parsed url   auth: null,
294 verbose parsed url   host: null,
294 verbose parsed url   port: null,
294 verbose parsed url   hostname: null,
294 verbose parsed url   hash: null,
294 verbose parsed url   search: null,
294 verbose parsed url   query: null,
294 verbose parsed url   pathname: '~1.0.1',
294 verbose parsed url   path: '~1.0.1',
294 verbose parsed url   href: '~1.0.1' }
295 verbose addNamed [ 'lodash', '~1.0.1' ]
296 verbose addNamed [ null, '>=1.0.1- <1.1.0-' ]
297 silly lockFile 7309cd5e-lodash-1-0-1 lodash@~1.0.1
298 verbose lock lodash@~1.0.1 /Users/kevinwynn/.npm/7309cd5e-lodash-1-0-1.lock
299 silly addNameRange { name: 'glob', range: '>=3.1.21- <3.2.0-', hasData: false }
300 silly addNameRange { name: 'lodash', range: '>=1.0.1- <1.1.0-', hasData: false }
301 verbose url raw lodash
302 verbose url resolving [ 'https://registry.npmjs.org/', './lodash' ]
303 verbose url resolved https://registry.npmjs.org/lodash
304 info trying registry request attempt 1 at 15:17:24
305 verbose etag "1LROPTWLJC3XS6PEV2L1UF9FS"
306 http GET https://registry.npmjs.org/lodash
307 verbose url raw abbrev
308 verbose url resolving [ 'https://registry.npmjs.org/', './abbrev' ]
309 verbose url resolved https://registry.npmjs.org/abbrev
310 info trying registry request attempt 1 at 15:17:24
311 verbose etag "7Q92G1EP797TMK4B48MPIIGAH"
312 http GET https://registry.npmjs.org/abbrev
313 verbose read json /usr/local/lib/node_modules/grunt-cli/node_modules/resolve/package.json
314 silly lockFile 9cd6e0b6-s-grunt-cli-node-modules-resolve /usr/local/lib/node_modules/grunt-cli/node_modules/resolve
315 silly lockFile 9cd6e0b6-s-grunt-cli-node-modules-resolve /usr/local/lib/node_modules/grunt-cli/node_modules/resolve
316 verbose url raw glob
317 verbose url resolving [ 'https://registry.npmjs.org/', './glob' ]
318 verbose url resolved https://registry.npmjs.org/glob
319 info trying registry request attempt 1 at 15:17:24
320 verbose etag "HBHOHFMS967FKCJ884WK5Y60"
321 http GET https://registry.npmjs.org/glob
322 silly lockFile c2d9f844-nn-npm-resolve-0-3-1-package-tgz /Users/kevinwynn/.npm/resolve/0.3.1/package.tgz
323 silly lockFile c2d9f844-nn-npm-resolve-0-3-1-package-tgz /Users/kevinwynn/.npm/resolve/0.3.1/package.tgz
324 info preinstall resolve@0.3.1
325 verbose from cache /usr/local/lib/node_modules/grunt-cli/node_modules/resolve/package.json
326 verbose readDependencies using package.json deps
327 verbose from cache /usr/local/lib/node_modules/grunt-cli/node_modules/resolve/package.json
328 verbose readDependencies using package.json deps
329 silly resolved []
330 verbose about to build /usr/local/lib/node_modules/grunt-cli/node_modules/resolve
331 info build /usr/local/lib/node_modules/grunt-cli/node_modules/resolve
332 verbose from cache /usr/local/lib/node_modules/grunt-cli/node_modules/resolve/package.json
333 verbose linkStuff [ true,
333 verbose linkStuff   '/usr/local/lib/node_modules',
333 verbose linkStuff   false,
333 verbose linkStuff   '/usr/local/lib/node_modules/grunt-cli/node_modules' ]
334 info linkStuff resolve@0.3.1
335 verbose read json /Library/WebServer/Documents/atomic/wp-content/themes/roots/package.json
336 error TypeError: Object.keys called on non-object
336 error     at Function.keys (native)
336 error     at /usr/local/lib/node_modules/npm/lib/build.js:111:18
336 error     at /usr/local/lib/node_modules/npm/node_modules/read-package-json/read-json.js:53:40
336 error     at final (/usr/local/lib/node_modules/npm/node_modules/read-package-json/read-json.js:311:17)
336 error     at then (/usr/local/lib/node_modules/npm/node_modules/read-package-json/read-json.js:118:48)
336 error     at /usr/local/lib/node_modules/npm/node_modules/read-package-json/read-json.js:228:40
336 error     at fs.js:266:14
336 error     at Object.oncomplete (fs.js:107:15)
337 error If you need help, you may report this log at:
337 error     <http://github.com/isaacs/npm/issues>
337 error or email it to:
337 error     <npm-@googlegroups.com>
338 error System Darwin 13.0.0
339 error command "node" "/usr/local/bin/npm" "install" "-g" "grunt-cli"
340 error cwd /Library/WebServer/Documents/atomic/wp-content/themes/roots
341 error node -v v0.10.7
342 error npm -v 1.2.21
343 error type called_on_non_object
344 verbose exit [ 1, true ]
